CRITICAL - 2024-11-10 21:54:46 --> number_format(): Passing null to parameter #1 ($num) of type float is deprecated
#0 [internal function]: CodeIgniter\Debug\Exceptions->errorHandler(8192, 'number_format()...', 'C:\\xampp\\htdocs...', 934)
#1 C:\xampp\htdocs\minibootcamphmti-main\vendor\codeigniter4\framework\system\Database\BaseConnection.php(934): number_format(NULL, 6)
#2 C:\xampp\htdocs\minibootcamphmti-main\vendor\codeigniter4\framework\system\Debug\Toolbar\Collectors\Database.php(111): CodeIgniter\Database\BaseConnection->getConnectDuration()
#3 C:\xampp\htdocs\minibootcamphmti-main\vendor\codeigniter4\framework\system\Debug\Toolbar\Collectors\BaseCollector.php(115): CodeIgniter\Debug\Toolbar\Collectors\Database->formatTimelineData()
#4 C:\xampp\htdocs\minibootcamphmti-main\vendor\codeigniter4\framework\system\Debug\Toolbar\Collectors\BaseCollector.php(231): CodeIgniter\Debug\Toolbar\Collectors\BaseCollector->timelineData()
#5 C:\xampp\htdocs\minibootcamphmti-main\vendor\codeigniter4\framework\system\Debug\Toolbar.php(90): CodeIgniter\Debug\Toolbar\Collectors\BaseCollector->getAsArray()
#6 C:\xampp\htdocs\minibootcamphmti-main\vendor\codeigniter4\framework\system\Debug\Toolbar.php(364): CodeIgniter\Debug\Toolbar->run(1731250485.1919, 1.173, Object(CodeIgniter\HTTP\IncomingRequest), Object(CodeIgniter\HTTP\Response))
#7 C:\xampp\htdocs\minibootcamphmti-main\vendor\codeigniter4\framework\system\Filters\DebugToolbar.php(40): CodeIgniter\Debug\Toolbar->prepare(Object(CodeIgniter\HTTP\IncomingRequest), Object(CodeIgniter\HTTP\Response))
#8 C:\xampp\htdocs\minibootcamphmti-main\vendor\codeigniter4\framework\system\Filters\Filters.php(196): CodeIgniter\Filters\DebugToolbar->after(Object(CodeIgniter\HTTP\IncomingRequest), Object(CodeIgniter\HTTP\Response), NULL)
#9 C:\xampp\htdocs\minibootcamphmti-main\vendor\codeigniter4\framework\system\CodeIgniter.php(427): CodeIgniter\Filters\Filters->run('/', 'after')
#10 C:\xampp\htdocs\minibootcamphmti-main\vendor\codeigniter4\framework\system\CodeIgniter.php(318): CodeIgniter\CodeIgniter->handleRequest(NULL, Object(Config\Cache), false)
#11 C:\xampp\htdocs\minibootcamphmti-main\public\index.php(37): CodeIgniter\CodeIgniter->run()
#12 C:\xampp\htdocs\minibootcamphmti-main\vendor\codeigniter4\framework\system\Commands\Server\rewrite.php(43): require_once('C:\\xampp\\htdocs...')
#13 {main}
CRITICAL - 2024-11-10 21:54:51 --> number_format(): Passing null to parameter #1 ($num) of type float is deprecated
#0 [internal function]: CodeIgniter\Debug\Exceptions->errorHandler(8192, 'number_format()...', 'C:\\xampp\\htdocs...', 934)
#1 C:\xampp\htdocs\minibootcamphmti-main\vendor\codeigniter4\framework\system\Database\BaseConnection.php(934): number_format(NULL, 6)
#2 C:\xampp\htdocs\minibootcamphmti-main\vendor\codeigniter4\framework\system\Debug\Toolbar\Collectors\Database.php(111): CodeIgniter\Database\BaseConnection->getConnectDuration()
#3 C:\xampp\htdocs\minibootcamphmti-main\vendor\codeigniter4\framework\system\Debug\Toolbar\Collectors\BaseCollector.php(115): CodeIgniter\Debug\Toolbar\Collectors\Database->formatTimelineData()
#4 C:\xampp\htdocs\minibootcamphmti-main\vendor\codeigniter4\framework\system\Debug\Toolbar\Collectors\BaseCollector.php(231): CodeIgniter\Debug\Toolbar\Collectors\BaseCollector->timelineData()
#5 C:\xampp\htdocs\minibootcamphmti-main\vendor\codeigniter4\framework\system\Debug\Toolbar.php(90): CodeIgniter\Debug\Toolbar\Collectors\BaseCollector->getAsArray()
#6 C:\xampp\htdocs\minibootcamphmti-main\vendor\codeigniter4\framework\system\Debug\Toolbar.php(364): CodeIgniter\Debug\Toolbar->run(1731250491.9139, 0.0677, Object(CodeIgniter\HTTP\IncomingRequest), Object(CodeIgniter\HTTP\Response))
#7 C:\xampp\htdocs\minibootcamphmti-main\vendor\codeigniter4\framework\system\Filters\DebugToolbar.php(40): CodeIgniter\Debug\Toolbar->prepare(Object(CodeIgniter\HTTP\IncomingRequest), Object(CodeIgniter\HTTP\Response))
#8 C:\xampp\htdocs\minibootcamphmti-main\vendor\codeigniter4\framework\system\Filters\Filters.php(196): CodeIgniter\Filters\DebugToolbar->after(Object(CodeIgniter\HTTP\IncomingRequest), Object(CodeIgniter\HTTP\Response), NULL)
#9 C:\xampp\htdocs\minibootcamphmti-main\vendor\codeigniter4\framework\system\CodeIgniter.php(427): CodeIgniter\Filters\Filters->run('/', 'after')
#10 C:\xampp\htdocs\minibootcamphmti-main\vendor\codeigniter4\framework\system\CodeIgniter.php(318): CodeIgniter\CodeIgniter->handleRequest(NULL, Object(Config\Cache), false)
#11 C:\xampp\htdocs\minibootcamphmti-main\public\index.php(37): CodeIgniter\CodeIgniter->run()
#12 C:\xampp\htdocs\minibootcamphmti-main\vendor\codeigniter4\framework\system\Commands\Server\rewrite.php(43): require_once('C:\\xampp\\htdocs...')
#13 {main}
CRITICAL - 2024-11-10 21:55:52 --> number_format(): Passing null to parameter #1 ($num) of type float is deprecated
#0 [internal function]: CodeIgniter\Debug\Exceptions->errorHandler(8192, 'number_format()...', 'C:\\xampp\\htdocs...', 934)
#1 C:\xampp\htdocs\minibootcamphmti-main\vendor\codeigniter4\framework\system\Database\BaseConnection.php(934): number_format(NULL, 6)
#2 C:\xampp\htdocs\minibootcamphmti-main\vendor\codeigniter4\framework\system\Debug\Toolbar\Collectors\Database.php(111): CodeIgniter\Database\BaseConnection->getConnectDuration()
#3 C:\xampp\htdocs\minibootcamphmti-main\vendor\codeigniter4\framework\system\Debug\Toolbar\Collectors\BaseCollector.php(115): CodeIgniter\Debug\Toolbar\Collectors\Database->formatTimelineData()
#4 C:\xampp\htdocs\minibootcamphmti-main\vendor\codeigniter4\framework\system\Debug\Toolbar\Collectors\BaseCollector.php(231): CodeIgniter\Debug\Toolbar\Collectors\BaseCollector->timelineData()
#5 C:\xampp\htdocs\minibootcamphmti-main\vendor\codeigniter4\framework\system\Debug\Toolbar.php(90): CodeIgniter\Debug\Toolbar\Collectors\BaseCollector->getAsArray()
#6 C:\xampp\htdocs\minibootcamphmti-main\vendor\codeigniter4\framework\system\Debug\Toolbar.php(364): CodeIgniter\Debug\Toolbar->run(1731250552.1482, 0.0756, Object(CodeIgniter\HTTP\IncomingRequest), Object(CodeIgniter\HTTP\Response))
#7 C:\xampp\htdocs\minibootcamphmti-main\vendor\codeigniter4\framework\system\Filters\DebugToolbar.php(40): CodeIgniter\Debug\Toolbar->prepare(Object(CodeIgniter\HTTP\IncomingRequest), Object(CodeIgniter\HTTP\Response))
#8 C:\xampp\htdocs\minibootcamphmti-main\vendor\codeigniter4\framework\system\Filters\Filters.php(196): CodeIgniter\Filters\DebugToolbar->after(Object(CodeIgniter\HTTP\IncomingRequest), Object(CodeIgniter\HTTP\Response), NULL)
#9 C:\xampp\htdocs\minibootcamphmti-main\vendor\codeigniter4\framework\system\CodeIgniter.php(427): CodeIgniter\Filters\Filters->run('/', 'after')
#10 C:\xampp\htdocs\minibootcamphmti-main\vendor\codeigniter4\framework\system\CodeIgniter.php(318): CodeIgniter\CodeIgniter->handleRequest(NULL, Object(Config\Cache), false)
#11 C:\xampp\htdocs\minibootcamphmti-main\public\index.php(37): CodeIgniter\CodeIgniter->run()
#12 C:\xampp\htdocs\minibootcamphmti-main\vendor\codeigniter4\framework\system\Commands\Server\rewrite.php(43): require_once('C:\\xampp\\htdocs...')
#13 {main}
