CRITICAL - 2024-10-19 03:25:52 --> strtolower(): Passing null to parameter #1 ($string) of type string is deprecated
#0 [internal function]: CodeIgniter\Debug\Exceptions->errorHandler(8192, 'strtolower(): P...', 'C:\\xampp\\htdocs...', 253)
#1 C:\xampp\htdocs\minibootcamphmti\vendor\codeigniter4\framework\system\Validation\FormatRules.php(253): strtolower(NULL)
#2 C:\xampp\htdocs\minibootcamphmti\vendor\codeigniter4\framework\system\HTTP\RequestTrait.php(151): CodeIgniter\Validation\FormatRules->valid_ip('::1')
#3 C:\xampp\htdocs\minibootcamphmti\vendor\codeigniter4\framework\system\Config\Services.php(570): CodeIgniter\HTTP\Request->getIPAddress()
#4 C:\xampp\htdocs\minibootcamphmti\vendor\codeigniter4\framework\system\Config\BaseService.php(248): CodeIgniter\Config\Services::session(Object(Config\App), false)
#5 C:\xampp\htdocs\minibootcamphmti\vendor\codeigniter4\framework\system\Config\BaseService.php(189): CodeIgniter\Config\BaseService::__callStatic('session', Array)
#6 C:\xampp\htdocs\minibootcamphmti\vendor\codeigniter4\framework\system\Config\Services.php(563): CodeIgniter\Config\BaseService::getSharedInstance('session', NULL)
#7 C:\xampp\htdocs\minibootcamphmti\vendor\codeigniter4\framework\system\Config\BaseService.php(248): CodeIgniter\Config\Services::session()
#8 C:\xampp\htdocs\minibootcamphmti\vendor\codeigniter4\framework\system\Common.php(909): CodeIgniter\Config\BaseService::__callStatic('session', Array)
#9 C:\xampp\htdocs\minibootcamphmti\app\Controllers\BaseController.php(52): session()
#10 C:\xampp\htdocs\minibootcamphmti\vendor\codeigniter4\framework\system\CodeIgniter.php(802): App\Controllers\BaseController->initController(Object(CodeIgniter\HTTP\IncomingRequest), Object(CodeIgniter\HTTP\Response), Object(CodeIgniter\Log\Logger))
#11 C:\xampp\htdocs\minibootcamphmti\vendor\codeigniter4\framework\system\CodeIgniter.php(401): CodeIgniter\CodeIgniter->createController()
#12 C:\xampp\htdocs\minibootcamphmti\vendor\codeigniter4\framework\system\CodeIgniter.php(318): CodeIgniter\CodeIgniter->handleRequest(NULL, Object(Config\Cache), false)
#13 C:\xampp\htdocs\minibootcamphmti\public\index.php(37): CodeIgniter\CodeIgniter->run()
#14 C:\xampp\htdocs\minibootcamphmti\vendor\codeigniter4\framework\system\Commands\Server\rewrite.php(43): require_once('C:\\xampp\\htdocs...')
#15 {main}
CRITICAL - 2024-10-19 03:28:04 --> strtolower(): Passing null to parameter #1 ($string) of type string is deprecated
#0 [internal function]: CodeIgniter\Debug\Exceptions->errorHandler(8192, 'strtolower(): P...', 'C:\\xampp\\htdocs...', 255)
#1 C:\xampp\htdocs\minibootcamphmti\vendor\codeigniter4\framework\system\Validation\FormatRules.php(255): strtolower(NULL)
#2 C:\xampp\htdocs\minibootcamphmti\vendor\codeigniter4\framework\system\HTTP\RequestTrait.php(151): CodeIgniter\Validation\FormatRules->valid_ip('::1')
#3 C:\xampp\htdocs\minibootcamphmti\vendor\codeigniter4\framework\system\Config\Services.php(570): CodeIgniter\HTTP\Request->getIPAddress()
#4 C:\xampp\htdocs\minibootcamphmti\vendor\codeigniter4\framework\system\Config\BaseService.php(248): CodeIgniter\Config\Services::session(Object(Config\App), false)
#5 C:\xampp\htdocs\minibootcamphmti\vendor\codeigniter4\framework\system\Config\BaseService.php(189): CodeIgniter\Config\BaseService::__callStatic('session', Array)
#6 C:\xampp\htdocs\minibootcamphmti\vendor\codeigniter4\framework\system\Config\Services.php(563): CodeIgniter\Config\BaseService::getSharedInstance('session', NULL)
#7 C:\xampp\htdocs\minibootcamphmti\vendor\codeigniter4\framework\system\Config\BaseService.php(248): CodeIgniter\Config\Services::session()
#8 C:\xampp\htdocs\minibootcamphmti\vendor\codeigniter4\framework\system\Common.php(909): CodeIgniter\Config\BaseService::__callStatic('session', Array)
#9 C:\xampp\htdocs\minibootcamphmti\app\Controllers\BaseController.php(52): session()
#10 C:\xampp\htdocs\minibootcamphmti\vendor\codeigniter4\framework\system\CodeIgniter.php(802): App\Controllers\BaseController->initController(Object(CodeIgniter\HTTP\IncomingRequest), Object(CodeIgniter\HTTP\Response), Object(CodeIgniter\Log\Logger))
#11 C:\xampp\htdocs\minibootcamphmti\vendor\codeigniter4\framework\system\CodeIgniter.php(401): CodeIgniter\CodeIgniter->createController()
#12 C:\xampp\htdocs\minibootcamphmti\vendor\codeigniter4\framework\system\CodeIgniter.php(318): CodeIgniter\CodeIgniter->handleRequest(NULL, Object(Config\Cache), false)
#13 C:\xampp\htdocs\minibootcamphmti\public\index.php(37): CodeIgniter\CodeIgniter->run()
#14 C:\xampp\htdocs\minibootcamphmti\vendor\codeigniter4\framework\system\Commands\Server\rewrite.php(43): require_once('C:\\xampp\\htdocs...')
#15 {main}
CRITICAL - 2024-10-19 03:28:41 --> strtolower(): Passing null to parameter #1 ($string) of type string is deprecated
#0 [internal function]: CodeIgniter\Debug\Exceptions->errorHandler(8192, 'strtolower(): P...', 'C:\\xampp\\htdocs...', 255)
#1 C:\xampp\htdocs\minibootcamphmti\vendor\codeigniter4\framework\system\Validation\FormatRules.php(255): strtolower(NULL)
#2 C:\xampp\htdocs\minibootcamphmti\vendor\codeigniter4\framework\system\HTTP\RequestTrait.php(151): CodeIgniter\Validation\FormatRules->valid_ip('::1')
#3 C:\xampp\htdocs\minibootcamphmti\vendor\codeigniter4\framework\system\Config\Services.php(570): CodeIgniter\HTTP\Request->getIPAddress()
#4 C:\xampp\htdocs\minibootcamphmti\vendor\codeigniter4\framework\system\Config\BaseService.php(248): CodeIgniter\Config\Services::session(Object(Config\App), false)
#5 C:\xampp\htdocs\minibootcamphmti\vendor\codeigniter4\framework\system\Config\BaseService.php(189): CodeIgniter\Config\BaseService::__callStatic('session', Array)
#6 C:\xampp\htdocs\minibootcamphmti\vendor\codeigniter4\framework\system\Config\Services.php(563): CodeIgniter\Config\BaseService::getSharedInstance('session', NULL)
#7 C:\xampp\htdocs\minibootcamphmti\vendor\codeigniter4\framework\system\Config\BaseService.php(248): CodeIgniter\Config\Services::session()
#8 C:\xampp\htdocs\minibootcamphmti\vendor\codeigniter4\framework\system\Common.php(909): CodeIgniter\Config\BaseService::__callStatic('session', Array)
#9 C:\xampp\htdocs\minibootcamphmti\app\Controllers\BaseController.php(52): session()
#10 C:\xampp\htdocs\minibootcamphmti\vendor\codeigniter4\framework\system\CodeIgniter.php(802): App\Controllers\BaseController->initController(Object(CodeIgniter\HTTP\IncomingRequest), Object(CodeIgniter\HTTP\Response), Object(CodeIgniter\Log\Logger))
#11 C:\xampp\htdocs\minibootcamphmti\vendor\codeigniter4\framework\system\CodeIgniter.php(401): CodeIgniter\CodeIgniter->createController()
#12 C:\xampp\htdocs\minibootcamphmti\vendor\codeigniter4\framework\system\CodeIgniter.php(318): CodeIgniter\CodeIgniter->handleRequest(NULL, Object(Config\Cache), false)
#13 C:\xampp\htdocs\minibootcamphmti\public\index.php(37): CodeIgniter\CodeIgniter->run()
#14 C:\xampp\htdocs\minibootcamphmti\vendor\codeigniter4\framework\system\Commands\Server\rewrite.php(43): require_once('C:\\xampp\\htdocs...')
#15 {main}
CRITICAL - 2024-10-19 03:28:42 --> strtolower(): Passing null to parameter #1 ($string) of type string is deprecated
#0 [internal function]: CodeIgniter\Debug\Exceptions->errorHandler(8192, 'strtolower(): P...', 'C:\\xampp\\htdocs...', 255)
#1 C:\xampp\htdocs\minibootcamphmti\vendor\codeigniter4\framework\system\Validation\FormatRules.php(255): strtolower(NULL)
#2 C:\xampp\htdocs\minibootcamphmti\vendor\codeigniter4\framework\system\HTTP\RequestTrait.php(151): CodeIgniter\Validation\FormatRules->valid_ip('::1')
#3 C:\xampp\htdocs\minibootcamphmti\vendor\codeigniter4\framework\system\Config\Services.php(570): CodeIgniter\HTTP\Request->getIPAddress()
#4 C:\xampp\htdocs\minibootcamphmti\vendor\codeigniter4\framework\system\Config\BaseService.php(248): CodeIgniter\Config\Services::session(Object(Config\App), false)
#5 C:\xampp\htdocs\minibootcamphmti\vendor\codeigniter4\framework\system\Config\BaseService.php(189): CodeIgniter\Config\BaseService::__callStatic('session', Array)
#6 C:\xampp\htdocs\minibootcamphmti\vendor\codeigniter4\framework\system\Config\Services.php(563): CodeIgniter\Config\BaseService::getSharedInstance('session', NULL)
#7 C:\xampp\htdocs\minibootcamphmti\vendor\codeigniter4\framework\system\Config\BaseService.php(248): CodeIgniter\Config\Services::session()
#8 C:\xampp\htdocs\minibootcamphmti\vendor\codeigniter4\framework\system\Common.php(909): CodeIgniter\Config\BaseService::__callStatic('session', Array)
#9 C:\xampp\htdocs\minibootcamphmti\app\Controllers\BaseController.php(52): session()
#10 C:\xampp\htdocs\minibootcamphmti\vendor\codeigniter4\framework\system\CodeIgniter.php(802): App\Controllers\BaseController->initController(Object(CodeIgniter\HTTP\IncomingRequest), Object(CodeIgniter\HTTP\Response), Object(CodeIgniter\Log\Logger))
#11 C:\xampp\htdocs\minibootcamphmti\vendor\codeigniter4\framework\system\CodeIgniter.php(401): CodeIgniter\CodeIgniter->createController()
#12 C:\xampp\htdocs\minibootcamphmti\vendor\codeigniter4\framework\system\CodeIgniter.php(318): CodeIgniter\CodeIgniter->handleRequest(NULL, Object(Config\Cache), false)
#13 C:\xampp\htdocs\minibootcamphmti\public\index.php(37): CodeIgniter\CodeIgniter->run()
#14 C:\xampp\htdocs\minibootcamphmti\vendor\codeigniter4\framework\system\Commands\Server\rewrite.php(43): require_once('C:\\xampp\\htdocs...')
#15 {main}
CRITICAL - 2024-10-19 03:28:42 --> strtolower(): Passing null to parameter #1 ($string) of type string is deprecated
#0 [internal function]: CodeIgniter\Debug\Exceptions->errorHandler(8192, 'strtolower(): P...', 'C:\\xampp\\htdocs...', 255)
#1 C:\xampp\htdocs\minibootcamphmti\vendor\codeigniter4\framework\system\Validation\FormatRules.php(255): strtolower(NULL)
#2 C:\xampp\htdocs\minibootcamphmti\vendor\codeigniter4\framework\system\HTTP\RequestTrait.php(151): CodeIgniter\Validation\FormatRules->valid_ip('::1')
#3 C:\xampp\htdocs\minibootcamphmti\vendor\codeigniter4\framework\system\Config\Services.php(570): CodeIgniter\HTTP\Request->getIPAddress()
#4 C:\xampp\htdocs\minibootcamphmti\vendor\codeigniter4\framework\system\Config\BaseService.php(248): CodeIgniter\Config\Services::session(Object(Config\App), false)
#5 C:\xampp\htdocs\minibootcamphmti\vendor\codeigniter4\framework\system\Config\BaseService.php(189): CodeIgniter\Config\BaseService::__callStatic('session', Array)
#6 C:\xampp\htdocs\minibootcamphmti\vendor\codeigniter4\framework\system\Config\Services.php(563): CodeIgniter\Config\BaseService::getSharedInstance('session', NULL)
#7 C:\xampp\htdocs\minibootcamphmti\vendor\codeigniter4\framework\system\Config\BaseService.php(248): CodeIgniter\Config\Services::session()
#8 C:\xampp\htdocs\minibootcamphmti\vendor\codeigniter4\framework\system\Common.php(909): CodeIgniter\Config\BaseService::__callStatic('session', Array)
#9 C:\xampp\htdocs\minibootcamphmti\app\Controllers\BaseController.php(52): session()
#10 C:\xampp\htdocs\minibootcamphmti\vendor\codeigniter4\framework\system\CodeIgniter.php(802): App\Controllers\BaseController->initController(Object(CodeIgniter\HTTP\IncomingRequest), Object(CodeIgniter\HTTP\Response), Object(CodeIgniter\Log\Logger))
#11 C:\xampp\htdocs\minibootcamphmti\vendor\codeigniter4\framework\system\CodeIgniter.php(401): CodeIgniter\CodeIgniter->createController()
#12 C:\xampp\htdocs\minibootcamphmti\vendor\codeigniter4\framework\system\CodeIgniter.php(318): CodeIgniter\CodeIgniter->handleRequest(NULL, Object(Config\Cache), false)
#13 C:\xampp\htdocs\minibootcamphmti\public\index.php(37): CodeIgniter\CodeIgniter->run()
#14 C:\xampp\htdocs\minibootcamphmti\vendor\codeigniter4\framework\system\Commands\Server\rewrite.php(43): require_once('C:\\xampp\\htdocs...')
#15 {main}
CRITICAL - 2024-10-19 03:28:42 --> strtolower(): Passing null to parameter #1 ($string) of type string is deprecated
#0 [internal function]: CodeIgniter\Debug\Exceptions->errorHandler(8192, 'strtolower(): P...', 'C:\\xampp\\htdocs...', 255)
#1 C:\xampp\htdocs\minibootcamphmti\vendor\codeigniter4\framework\system\Validation\FormatRules.php(255): strtolower(NULL)
#2 C:\xampp\htdocs\minibootcamphmti\vendor\codeigniter4\framework\system\HTTP\RequestTrait.php(151): CodeIgniter\Validation\FormatRules->valid_ip('::1')
#3 C:\xampp\htdocs\minibootcamphmti\vendor\codeigniter4\framework\system\Config\Services.php(570): CodeIgniter\HTTP\Request->getIPAddress()
#4 C:\xampp\htdocs\minibootcamphmti\vendor\codeigniter4\framework\system\Config\BaseService.php(248): CodeIgniter\Config\Services::session(Object(Config\App), false)
#5 C:\xampp\htdocs\minibootcamphmti\vendor\codeigniter4\framework\system\Config\BaseService.php(189): CodeIgniter\Config\BaseService::__callStatic('session', Array)
#6 C:\xampp\htdocs\minibootcamphmti\vendor\codeigniter4\framework\system\Config\Services.php(563): CodeIgniter\Config\BaseService::getSharedInstance('session', NULL)
#7 C:\xampp\htdocs\minibootcamphmti\vendor\codeigniter4\framework\system\Config\BaseService.php(248): CodeIgniter\Config\Services::session()
#8 C:\xampp\htdocs\minibootcamphmti\vendor\codeigniter4\framework\system\Common.php(909): CodeIgniter\Config\BaseService::__callStatic('session', Array)
#9 C:\xampp\htdocs\minibootcamphmti\app\Controllers\BaseController.php(52): session()
#10 C:\xampp\htdocs\minibootcamphmti\vendor\codeigniter4\framework\system\CodeIgniter.php(802): App\Controllers\BaseController->initController(Object(CodeIgniter\HTTP\IncomingRequest), Object(CodeIgniter\HTTP\Response), Object(CodeIgniter\Log\Logger))
#11 C:\xampp\htdocs\minibootcamphmti\vendor\codeigniter4\framework\system\CodeIgniter.php(401): CodeIgniter\CodeIgniter->createController()
#12 C:\xampp\htdocs\minibootcamphmti\vendor\codeigniter4\framework\system\CodeIgniter.php(318): CodeIgniter\CodeIgniter->handleRequest(NULL, Object(Config\Cache), false)
#13 C:\xampp\htdocs\minibootcamphmti\public\index.php(37): CodeIgniter\CodeIgniter->run()
#14 C:\xampp\htdocs\minibootcamphmti\vendor\codeigniter4\framework\system\Commands\Server\rewrite.php(43): require_once('C:\\xampp\\htdocs...')
#15 {main}
CRITICAL - 2024-10-19 03:28:42 --> strtolower(): Passing null to parameter #1 ($string) of type string is deprecated
#0 [internal function]: CodeIgniter\Debug\Exceptions->errorHandler(8192, 'strtolower(): P...', 'C:\\xampp\\htdocs...', 255)
#1 C:\xampp\htdocs\minibootcamphmti\vendor\codeigniter4\framework\system\Validation\FormatRules.php(255): strtolower(NULL)
#2 C:\xampp\htdocs\minibootcamphmti\vendor\codeigniter4\framework\system\HTTP\RequestTrait.php(151): CodeIgniter\Validation\FormatRules->valid_ip('::1')
#3 C:\xampp\htdocs\minibootcamphmti\vendor\codeigniter4\framework\system\Config\Services.php(570): CodeIgniter\HTTP\Request->getIPAddress()
#4 C:\xampp\htdocs\minibootcamphmti\vendor\codeigniter4\framework\system\Config\BaseService.php(248): CodeIgniter\Config\Services::session(Object(Config\App), false)
#5 C:\xampp\htdocs\minibootcamphmti\vendor\codeigniter4\framework\system\Config\BaseService.php(189): CodeIgniter\Config\BaseService::__callStatic('session', Array)
#6 C:\xampp\htdocs\minibootcamphmti\vendor\codeigniter4\framework\system\Config\Services.php(563): CodeIgniter\Config\BaseService::getSharedInstance('session', NULL)
#7 C:\xampp\htdocs\minibootcamphmti\vendor\codeigniter4\framework\system\Config\BaseService.php(248): CodeIgniter\Config\Services::session()
#8 C:\xampp\htdocs\minibootcamphmti\vendor\codeigniter4\framework\system\Common.php(909): CodeIgniter\Config\BaseService::__callStatic('session', Array)
#9 C:\xampp\htdocs\minibootcamphmti\app\Controllers\BaseController.php(52): session()
#10 C:\xampp\htdocs\minibootcamphmti\vendor\codeigniter4\framework\system\CodeIgniter.php(802): App\Controllers\BaseController->initController(Object(CodeIgniter\HTTP\IncomingRequest), Object(CodeIgniter\HTTP\Response), Object(CodeIgniter\Log\Logger))
#11 C:\xampp\htdocs\minibootcamphmti\vendor\codeigniter4\framework\system\CodeIgniter.php(401): CodeIgniter\CodeIgniter->createController()
#12 C:\xampp\htdocs\minibootcamphmti\vendor\codeigniter4\framework\system\CodeIgniter.php(318): CodeIgniter\CodeIgniter->handleRequest(NULL, Object(Config\Cache), false)
#13 C:\xampp\htdocs\minibootcamphmti\public\index.php(37): CodeIgniter\CodeIgniter->run()
#14 C:\xampp\htdocs\minibootcamphmti\vendor\codeigniter4\framework\system\Commands\Server\rewrite.php(43): require_once('C:\\xampp\\htdocs...')
#15 {main}
CRITICAL - 2024-10-19 03:29:07 --> strtolower(): Passing null to parameter #1 ($string) of type string is deprecated
#0 [internal function]: CodeIgniter\Debug\Exceptions->errorHandler(8192, 'strtolower(): P...', 'C:\\xampp\\htdocs...', 255)
#1 C:\xampp\htdocs\minibootcamphmti\vendor\codeigniter4\framework\system\Validation\FormatRules.php(255): strtolower(NULL)
#2 C:\xampp\htdocs\minibootcamphmti\vendor\codeigniter4\framework\system\HTTP\RequestTrait.php(151): CodeIgniter\Validation\FormatRules->valid_ip('::1')
#3 C:\xampp\htdocs\minibootcamphmti\vendor\codeigniter4\framework\system\Config\Services.php(570): CodeIgniter\HTTP\Request->getIPAddress()
#4 C:\xampp\htdocs\minibootcamphmti\vendor\codeigniter4\framework\system\Config\BaseService.php(248): CodeIgniter\Config\Services::session(Object(Config\App), false)
#5 C:\xampp\htdocs\minibootcamphmti\vendor\codeigniter4\framework\system\Config\BaseService.php(189): CodeIgniter\Config\BaseService::__callStatic('session', Array)
#6 C:\xampp\htdocs\minibootcamphmti\vendor\codeigniter4\framework\system\Config\Services.php(563): CodeIgniter\Config\BaseService::getSharedInstance('session', NULL)
#7 C:\xampp\htdocs\minibootcamphmti\vendor\codeigniter4\framework\system\Config\BaseService.php(248): CodeIgniter\Config\Services::session()
#8 C:\xampp\htdocs\minibootcamphmti\vendor\codeigniter4\framework\system\Common.php(909): CodeIgniter\Config\BaseService::__callStatic('session', Array)
#9 C:\xampp\htdocs\minibootcamphmti\app\Controllers\BaseController.php(52): session()
#10 C:\xampp\htdocs\minibootcamphmti\vendor\codeigniter4\framework\system\CodeIgniter.php(802): App\Controllers\BaseController->initController(Object(CodeIgniter\HTTP\IncomingRequest), Object(CodeIgniter\HTTP\Response), Object(CodeIgniter\Log\Logger))
#11 C:\xampp\htdocs\minibootcamphmti\vendor\codeigniter4\framework\system\CodeIgniter.php(401): CodeIgniter\CodeIgniter->createController()
#12 C:\xampp\htdocs\minibootcamphmti\vendor\codeigniter4\framework\system\CodeIgniter.php(318): CodeIgniter\CodeIgniter->handleRequest(NULL, Object(Config\Cache), false)
#13 C:\xampp\htdocs\minibootcamphmti\public\index.php(37): CodeIgniter\CodeIgniter->run()
#14 C:\xampp\htdocs\minibootcamphmti\vendor\codeigniter4\framework\system\Commands\Server\rewrite.php(43): require_once('C:\\xampp\\htdocs...')
#15 {main}
CRITICAL - 2024-10-19 03:29:08 --> strtolower(): Passing null to parameter #1 ($string) of type string is deprecated
#0 [internal function]: CodeIgniter\Debug\Exceptions->errorHandler(8192, 'strtolower(): P...', 'C:\\xampp\\htdocs...', 255)
#1 C:\xampp\htdocs\minibootcamphmti\vendor\codeigniter4\framework\system\Validation\FormatRules.php(255): strtolower(NULL)
#2 C:\xampp\htdocs\minibootcamphmti\vendor\codeigniter4\framework\system\HTTP\RequestTrait.php(151): CodeIgniter\Validation\FormatRules->valid_ip('::1')
#3 C:\xampp\htdocs\minibootcamphmti\vendor\codeigniter4\framework\system\Config\Services.php(570): CodeIgniter\HTTP\Request->getIPAddress()
#4 C:\xampp\htdocs\minibootcamphmti\vendor\codeigniter4\framework\system\Config\BaseService.php(248): CodeIgniter\Config\Services::session(Object(Config\App), false)
#5 C:\xampp\htdocs\minibootcamphmti\vendor\codeigniter4\framework\system\Config\BaseService.php(189): CodeIgniter\Config\BaseService::__callStatic('session', Array)
#6 C:\xampp\htdocs\minibootcamphmti\vendor\codeigniter4\framework\system\Config\Services.php(563): CodeIgniter\Config\BaseService::getSharedInstance('session', NULL)
#7 C:\xampp\htdocs\minibootcamphmti\vendor\codeigniter4\framework\system\Config\BaseService.php(248): CodeIgniter\Config\Services::session()
#8 C:\xampp\htdocs\minibootcamphmti\vendor\codeigniter4\framework\system\Common.php(909): CodeIgniter\Config\BaseService::__callStatic('session', Array)
#9 C:\xampp\htdocs\minibootcamphmti\app\Controllers\BaseController.php(52): session()
#10 C:\xampp\htdocs\minibootcamphmti\vendor\codeigniter4\framework\system\CodeIgniter.php(802): App\Controllers\BaseController->initController(Object(CodeIgniter\HTTP\IncomingRequest), Object(CodeIgniter\HTTP\Response), Object(CodeIgniter\Log\Logger))
#11 C:\xampp\htdocs\minibootcamphmti\vendor\codeigniter4\framework\system\CodeIgniter.php(401): CodeIgniter\CodeIgniter->createController()
#12 C:\xampp\htdocs\minibootcamphmti\vendor\codeigniter4\framework\system\CodeIgniter.php(318): CodeIgniter\CodeIgniter->handleRequest(NULL, Object(Config\Cache), false)
#13 C:\xampp\htdocs\minibootcamphmti\public\index.php(37): CodeIgniter\CodeIgniter->run()
#14 C:\xampp\htdocs\minibootcamphmti\vendor\codeigniter4\framework\system\Commands\Server\rewrite.php(43): require_once('C:\\xampp\\htdocs...')
#15 {main}
CRITICAL - 2024-10-19 03:29:08 --> strtolower(): Passing null to parameter #1 ($string) of type string is deprecated
#0 [internal function]: CodeIgniter\Debug\Exceptions->errorHandler(8192, 'strtolower(): P...', 'C:\\xampp\\htdocs...', 255)
#1 C:\xampp\htdocs\minibootcamphmti\vendor\codeigniter4\framework\system\Validation\FormatRules.php(255): strtolower(NULL)
#2 C:\xampp\htdocs\minibootcamphmti\vendor\codeigniter4\framework\system\HTTP\RequestTrait.php(151): CodeIgniter\Validation\FormatRules->valid_ip('::1')
#3 C:\xampp\htdocs\minibootcamphmti\vendor\codeigniter4\framework\system\Config\Services.php(570): CodeIgniter\HTTP\Request->getIPAddress()
#4 C:\xampp\htdocs\minibootcamphmti\vendor\codeigniter4\framework\system\Config\BaseService.php(248): CodeIgniter\Config\Services::session(Object(Config\App), false)
#5 C:\xampp\htdocs\minibootcamphmti\vendor\codeigniter4\framework\system\Config\BaseService.php(189): CodeIgniter\Config\BaseService::__callStatic('session', Array)
#6 C:\xampp\htdocs\minibootcamphmti\vendor\codeigniter4\framework\system\Config\Services.php(563): CodeIgniter\Config\BaseService::getSharedInstance('session', NULL)
#7 C:\xampp\htdocs\minibootcamphmti\vendor\codeigniter4\framework\system\Config\BaseService.php(248): CodeIgniter\Config\Services::session()
#8 C:\xampp\htdocs\minibootcamphmti\vendor\codeigniter4\framework\system\Common.php(909): CodeIgniter\Config\BaseService::__callStatic('session', Array)
#9 C:\xampp\htdocs\minibootcamphmti\app\Controllers\BaseController.php(52): session()
#10 C:\xampp\htdocs\minibootcamphmti\vendor\codeigniter4\framework\system\CodeIgniter.php(802): App\Controllers\BaseController->initController(Object(CodeIgniter\HTTP\IncomingRequest), Object(CodeIgniter\HTTP\Response), Object(CodeIgniter\Log\Logger))
#11 C:\xampp\htdocs\minibootcamphmti\vendor\codeigniter4\framework\system\CodeIgniter.php(401): CodeIgniter\CodeIgniter->createController()
#12 C:\xampp\htdocs\minibootcamphmti\vendor\codeigniter4\framework\system\CodeIgniter.php(318): CodeIgniter\CodeIgniter->handleRequest(NULL, Object(Config\Cache), false)
#13 C:\xampp\htdocs\minibootcamphmti\public\index.php(37): CodeIgniter\CodeIgniter->run()
#14 C:\xampp\htdocs\minibootcamphmti\vendor\codeigniter4\framework\system\Commands\Server\rewrite.php(43): require_once('C:\\xampp\\htdocs...')
#15 {main}
CRITICAL - 2024-10-19 03:29:08 --> strtolower(): Passing null to parameter #1 ($string) of type string is deprecated
#0 [internal function]: CodeIgniter\Debug\Exceptions->errorHandler(8192, 'strtolower(): P...', 'C:\\xampp\\htdocs...', 255)
#1 C:\xampp\htdocs\minibootcamphmti\vendor\codeigniter4\framework\system\Validation\FormatRules.php(255): strtolower(NULL)
#2 C:\xampp\htdocs\minibootcamphmti\vendor\codeigniter4\framework\system\HTTP\RequestTrait.php(151): CodeIgniter\Validation\FormatRules->valid_ip('::1')
#3 C:\xampp\htdocs\minibootcamphmti\vendor\codeigniter4\framework\system\Config\Services.php(570): CodeIgniter\HTTP\Request->getIPAddress()
#4 C:\xampp\htdocs\minibootcamphmti\vendor\codeigniter4\framework\system\Config\BaseService.php(248): CodeIgniter\Config\Services::session(Object(Config\App), false)
#5 C:\xampp\htdocs\minibootcamphmti\vendor\codeigniter4\framework\system\Config\BaseService.php(189): CodeIgniter\Config\BaseService::__callStatic('session', Array)
#6 C:\xampp\htdocs\minibootcamphmti\vendor\codeigniter4\framework\system\Config\Services.php(563): CodeIgniter\Config\BaseService::getSharedInstance('session', NULL)
#7 C:\xampp\htdocs\minibootcamphmti\vendor\codeigniter4\framework\system\Config\BaseService.php(248): CodeIgniter\Config\Services::session()
#8 C:\xampp\htdocs\minibootcamphmti\vendor\codeigniter4\framework\system\Common.php(909): CodeIgniter\Config\BaseService::__callStatic('session', Array)
#9 C:\xampp\htdocs\minibootcamphmti\app\Controllers\BaseController.php(52): session()
#10 C:\xampp\htdocs\minibootcamphmti\vendor\codeigniter4\framework\system\CodeIgniter.php(802): App\Controllers\BaseController->initController(Object(CodeIgniter\HTTP\IncomingRequest), Object(CodeIgniter\HTTP\Response), Object(CodeIgniter\Log\Logger))
#11 C:\xampp\htdocs\minibootcamphmti\vendor\codeigniter4\framework\system\CodeIgniter.php(401): CodeIgniter\CodeIgniter->createController()
#12 C:\xampp\htdocs\minibootcamphmti\vendor\codeigniter4\framework\system\CodeIgniter.php(318): CodeIgniter\CodeIgniter->handleRequest(NULL, Object(Config\Cache), false)
#13 C:\xampp\htdocs\minibootcamphmti\public\index.php(37): CodeIgniter\CodeIgniter->run()
#14 C:\xampp\htdocs\minibootcamphmti\vendor\codeigniter4\framework\system\Commands\Server\rewrite.php(43): require_once('C:\\xampp\\htdocs...')
#15 {main}
ERROR - 2024-10-19 03:29:44 --> Error connecting to the database: Access denied for user '****'@'localhost' (using password: YES)
CRITICAL - 2024-10-19 03:29:44 --> Unable to connect to the database.
Main connection [MySQLi]: Access denied for user '****'@'localhost' (using password: YES)
#0 C:\xampp\htdocs\minibootcamphmti\vendor\codeigniter4\framework\system\Database\BaseConnection.php(577): CodeIgniter\Database\BaseConnection->initialize()
#1 C:\xampp\htdocs\minibootcamphmti\vendor\codeigniter4\framework\system\Database\BaseBuilder.php(1443): CodeIgniter\Database\BaseConnection->query('SELECT *\nFROM `...', Array, false)
#2 C:\xampp\htdocs\minibootcamphmti\vendor\myth\auth\src\Models\LoginModel.php(61): CodeIgniter\Database\BaseBuilder->get()
#3 C:\xampp\htdocs\minibootcamphmti\vendor\myth\auth\src\Authentication\LocalAuthenticator.php(93): Myth\Auth\Models\LoginModel->getRememberToken('d565448bb98fa3e...')
#4 C:\xampp\htdocs\minibootcamphmti\vendor\myth\auth\src\Helpers\auth_helper.php(14): Myth\Auth\Authentication\LocalAuthenticator->check()
#5 C:\xampp\htdocs\minibootcamphmti\app\Controllers\Home.php(17): logged_in()
#6 C:\xampp\htdocs\minibootcamphmti\vendor\codeigniter4\framework\system\CodeIgniter.php(824): App\Controllers\Home->index()
#7 C:\xampp\htdocs\minibootcamphmti\vendor\codeigniter4\framework\system\CodeIgniter.php(410): CodeIgniter\CodeIgniter->runController(Object(App\Controllers\Home))
#8 C:\xampp\htdocs\minibootcamphmti\vendor\codeigniter4\framework\system\CodeIgniter.php(318): CodeIgniter\CodeIgniter->handleRequest(NULL, Object(Config\Cache), false)
#9 C:\xampp\htdocs\minibootcamphmti\public\index.php(37): CodeIgniter\CodeIgniter->run()
#10 C:\xampp\htdocs\minibootcamphmti\vendor\codeigniter4\framework\system\Commands\Server\rewrite.php(43): require_once('C:\\xampp\\htdocs...')
#11 {main}
CRITICAL - 2024-10-19 03:32:12 --> trim(): Passing null to parameter #1 ($string) of type string is deprecated
#0 [internal function]: CodeIgniter\Debug\Exceptions->errorHandler(8192, 'trim(): Passing...', 'C:\\xampp\\htdocs...', 218)
#1 C:\xampp\htdocs\minibootcamphmti\vendor\codeigniter4\framework\system\Validation\Validation.php(218): trim(NULL)
#2 C:\xampp\htdocs\minibootcamphmti\vendor\codeigniter4\framework\system\Validation\Validation.php(151): CodeIgniter\Validation\Validation->processRules('user_id', 'user_id', NULL, Array, Array)
#3 C:\xampp\htdocs\minibootcamphmti\vendor\codeigniter4\framework\system\BaseModel.php(1347): CodeIgniter\Validation\Validation->run(Array, NULL, NULL)
#4 C:\xampp\htdocs\minibootcamphmti\vendor\codeigniter4\framework\system\BaseModel.php(707): CodeIgniter\BaseModel->validate(Array)
#5 C:\xampp\htdocs\minibootcamphmti\vendor\codeigniter4\framework\system\Model.php(620): CodeIgniter\BaseModel->insert(Array, true)
#6 C:\xampp\htdocs\minibootcamphmti\vendor\myth\auth\src\Authentication\AuthenticationBase.php(214): CodeIgniter\Model->insert(Array)
#7 C:\xampp\htdocs\minibootcamphmti\vendor\myth\auth\src\Authentication\LocalAuthenticator.php(26): Myth\Auth\Authentication\AuthenticationBase->recordLoginAttempt('dummy', '::1', NULL, false)
#8 C:\xampp\htdocs\minibootcamphmti\vendor\myth\auth\src\Controllers\AuthController.php(88): Myth\Auth\Authentication\LocalAuthenticator->attempt(Array, false)
#9 C:\xampp\htdocs\minibootcamphmti\vendor\codeigniter4\framework\system\CodeIgniter.php(824): Myth\Auth\Controllers\AuthController->attemptLogin()
#10 C:\xampp\htdocs\minibootcamphmti\vendor\codeigniter4\framework\system\CodeIgniter.php(410): CodeIgniter\CodeIgniter->runController(Object(Myth\Auth\Controllers\AuthController))
#11 C:\xampp\htdocs\minibootcamphmti\vendor\codeigniter4\framework\system\CodeIgniter.php(318): CodeIgniter\CodeIgniter->handleRequest(NULL, Object(Config\Cache), false)
#12 C:\xampp\htdocs\minibootcamphmti\public\index.php(37): CodeIgniter\CodeIgniter->run()
#13 C:\xampp\htdocs\minibootcamphmti\vendor\codeigniter4\framework\system\Commands\Server\rewrite.php(43): require_once('C:\\xampp\\htdocs...')
#14 {main}
CRITICAL - 2024-10-19 03:34:16 --> strlen(): Passing null to parameter #1 ($string) of type string is deprecated
#0 [internal function]: CodeIgniter\Debug\Exceptions->errorHandler(8192, 'strlen(): Passi...', 'C:\\xampp\\htdocs...', 427)
#1 C:\xampp\htdocs\minibootcamphmti\vendor\codeigniter4\framework\system\HTTP\CURLRequest.php(427): strlen(NULL)
#2 C:\xampp\htdocs\minibootcamphmti\vendor\codeigniter4\framework\system\HTTP\CURLRequest.php(356): CodeIgniter\HTTP\CURLRequest->applyMethod('GET', Array)
#3 C:\xampp\htdocs\minibootcamphmti\vendor\codeigniter4\framework\system\HTTP\CURLRequest.php(140): CodeIgniter\HTTP\CURLRequest->send('get', 'https://api.pwn...')
#4 C:\xampp\htdocs\minibootcamphmti\vendor\codeigniter4\framework\system\HTTP\CURLRequest.php(170): CodeIgniter\HTTP\CURLRequest->request('get', 'https://api.pwn...', Array)
#5 C:\xampp\htdocs\minibootcamphmti\vendor\myth\auth\src\Authentication\Passwords\PwnedValidator.php(61): CodeIgniter\HTTP\CURLRequest->get('range/AD3F2', Array)
#6 C:\xampp\htdocs\minibootcamphmti\vendor\myth\auth\src\Authentication\Passwords\PasswordValidator.php(55): Myth\Auth\Authentication\Passwords\PwnedValidator->check('iniakunsaya1212', Object(Myth\Auth\Entities\User))
#7 C:\xampp\htdocs\minibootcamphmti\vendor\myth\auth\src\Authentication\Passwords\ValidationRules.php(45): Myth\Auth\Authentication\Passwords\PasswordValidator->check('iniakunsaya1212', Object(Myth\Auth\Entities\User))
#8 C:\xampp\htdocs\minibootcamphmti\vendor\codeigniter4\framework\system\Validation\Validation.php(277): Myth\Auth\Authentication\Passwords\ValidationRules->strong_password('iniakunsaya1212', NULL)
#9 C:\xampp\htdocs\minibootcamphmti\vendor\codeigniter4\framework\system\Validation\Validation.php(151): CodeIgniter\Validation\Validation->processRules('password', 'password', 'iniakunsaya1212', Array, Array)
#10 C:\xampp\htdocs\minibootcamphmti\vendor\codeigniter4\framework\system\Controller.php(160): CodeIgniter\Validation\Validation->run()
#11 C:\xampp\htdocs\minibootcamphmti\vendor\myth\auth\src\Controllers\AuthController.php(173): CodeIgniter\Controller->validate(Array)
#12 C:\xampp\htdocs\minibootcamphmti\vendor\codeigniter4\framework\system\CodeIgniter.php(824): Myth\Auth\Controllers\AuthController->attemptRegister()
#13 C:\xampp\htdocs\minibootcamphmti\vendor\codeigniter4\framework\system\CodeIgniter.php(410): CodeIgniter\CodeIgniter->runController(Object(Myth\Auth\Controllers\AuthController))
#14 C:\xampp\htdocs\minibootcamphmti\vendor\codeigniter4\framework\system\CodeIgniter.php(318): CodeIgniter\CodeIgniter->handleRequest(NULL, Object(Config\Cache), false)
#15 C:\xampp\htdocs\minibootcamphmti\public\index.php(37): CodeIgniter\CodeIgniter->run()
#16 C:\xampp\htdocs\minibootcamphmti\vendor\codeigniter4\framework\system\Commands\Server\rewrite.php(43): require_once('C:\\xampp\\htdocs...')
#17 {main}
